Start testing: Aug 22 08:59 UTC
----------------------------------------------------------
1/1 Testing: gtests
1/1 Test: gtests
Command: "/home/travis/build/DVDemon/otus_04_homework/gtests"
Directory: /home/travis/build/DVDemon/otus_04_homework
"gtests" start time: Aug 22 08:59 UTC
Output:
----------------------------------------------------------
[==========] Running 8 tests from 8 test cases.
[----------] Global test environment set-up.
[----------] 1 test from test_01
[ RUN      ] test_01.basic_test_set
[       OK ] test_01.basic_test_set (0 ms)
[----------] 1 test from test_01 (1 ms total)

[----------] 1 test from test_02
[ RUN      ] test_02.basic_test_set
[       OK ] test_02.basic_test_set (0 ms)
[----------] 1 test from test_02 (0 ms total)

[----------] 1 test from test_03
[ RUN      ] test_03.basic_test_set
[       OK ] test_03.basic_test_set (0 ms)
[----------] 1 test from test_03 (0 ms total)

[----------] 1 test from test_04
[ RUN      ] test_04.basic_test_set
[       OK ] test_04.basic_test_set (0 ms)
[----------] 1 test from test_04 (0 ms total)

[----------] 1 test from test_05
[ RUN      ] test_05.basic_test_set
[       OK ] test_05.basic_test_set (0 ms)
[----------] 1 test from test_05 (0 ms total)

[----------] 1 test from test_06
[ RUN      ] test_06.basic_test_set
[       OK ] test_06.basic_test_set (0 ms)
[----------] 1 test from test_06 (0 ms total)

[----------] 1 test from test_07
[ RUN      ] test_07.basic_test_set
[       OK ] test_07.basic_test_set (0 ms)
[----------] 1 test from test_07 (0 ms total)

[----------] 1 test from test_08
[ RUN      ] test_08.basic_test_set
[       OK ] test_08.basic_test_set (0 ms)
[----------] 1 test from test_08 (0 ms total)

[----------] Global test environment tear-down
[==========] 8 tests from 8 test cases ran. (1 ms total)
[  PASSED  ] 8 tests.
<end of output>
Test time =   0.00 sec
----------------------------------------------------------
Test Passed.
"gtests" end time: Aug 22 08:59 UTC
"gtests" time elapsed: 00:00:00
----------------------------------------------------------

End testing: Aug 22 08:59 UTC
